<?xml version="1.0" encoding="UTF-8"?>
<!-- Generated by org.testng.reporters.JUnitXMLReporter -->
<testsuite ignored="0" hostname="LAPTOP-IJ6K0BM1" failures="1" tests="2" name="Test" time="31.142" errors="0" timestamp="2025-09-28T16:36:39 IST">
  <testcase classname="com.example.automation.tests.EndToEndTests" name="endToEndTest" time="16.703">
    <failure type="java.lang.AssertionError" message="null">
      <![CDATA[java.lang.AssertionError: null
at com.example.automation.tests.EndToEndTests.endToEndTest(EndToEndTests.java:54)
at java.base/java.util.ArrayList.forEach(ArrayList.java:1596)
... Removed 27 stack frames]]>
    </failure>
  </testcase> <!-- endToEndTest -->
  <testcase classname="com.example.automation.tests.VerifyStatusAPI" name="verifyStatusAPI" time="4.24"/>
</testsuite> <!-- Test -->
